Fri Oct 02 10:41:58 EDT 2015  [debug] AvalonLogSystem initialized using logfile 'velocity.log'
Fri Oct 02 10:41:58 EDT 2015   [info] ************************************************************** 
Fri Oct 02 10:41:58 EDT 2015   [info] Starting Jakarta Velocity v1.4
Fri Oct 02 10:41:58 EDT 2015   [info] RuntimeInstance initializing.
Fri Oct 02 10:41:58 EDT 2015   [info] Default Properties File: org/apache/velocity/runtime/defaults/velocity.properties
Fri Oct 02 10:41:58 EDT 2015   [info] Trying to use logger class org.apache.velocity.runtime.log.AvalonLogSystem
Fri Oct 02 10:41:58 EDT 2015   [info] Using logger class org.apache.velocity.runtime.log.AvalonLogSystem
Fri Oct 02 10:41:58 EDT 2015   [info] Default ResourceManager initializing. (class org.apache.velocity.runtime.resource.ResourceManagerImpl)
Fri Oct 02 10:41:58 EDT 2015   [info] Resource Loader Instantiated: org.apache.velocity.runtime.resource.loader.ClasspathResourceLoader
Fri Oct 02 10:41:58 EDT 2015   [info] ClasspathResourceLoader : initialization starting.
Fri Oct 02 10:41:58 EDT 2015   [info] ClasspathResourceLoader : initialization complete.
Fri Oct 02 10:41:58 EDT 2015   [info] ResourceCache : initialized. (class org.apache.velocity.runtime.resource.ResourceCacheImpl)
Fri Oct 02 10:41:58 EDT 2015   [info] Default ResourceManager initialization complete.
Fri Oct 02 10:41:58 EDT 2015   [info] Loaded System Directive: org.apache.velocity.runtime.directive.Literal
Fri Oct 02 10:41:58 EDT 2015   [info] Loaded System Directive: org.apache.velocity.runtime.directive.Macro
Fri Oct 02 10:41:58 EDT 2015   [info] Loaded System Directive: org.apache.velocity.runtime.directive.Parse
Fri Oct 02 10:41:58 EDT 2015   [info] Loaded System Directive: org.apache.velocity.runtime.directive.Include
Fri Oct 02 10:41:58 EDT 2015   [info] Loaded System Directive: org.apache.velocity.runtime.directive.Foreach
Fri Oct 02 10:41:58 EDT 2015   [info] Created: 20 parsers.
Fri Oct 02 10:41:58 EDT 2015   [info] Velocimacro : initialization starting.
Fri Oct 02 10:41:58 EDT 2015   [info] Velocimacro : adding VMs from VM library template : VM_global_library.vm
Fri Oct 02 10:41:58 EDT 2015  [error] ResourceManager : unable to find resource 'VM_global_library.vm' in any resource loader.
Fri Oct 02 10:41:58 EDT 2015   [info] Velocimacro : error using  VM library template VM_global_library.vm : org.apache.velocity.exception.ResourceNotFoundException: Unable to find resource 'VM_global_library.vm'
Fri Oct 02 10:41:58 EDT 2015   [info] Velocimacro :  VM library template macro registration complete.
Fri Oct 02 10:41:58 EDT 2015   [info] Velocimacro : allowInline = true : VMs can be defined inline in templates
Fri Oct 02 10:41:58 EDT 2015   [info] Velocimacro : allowInlineToOverride = false : VMs defined inline may NOT replace previous VM definitions
Fri Oct 02 10:41:58 EDT 2015   [info] Velocimacro : allowInlineLocal = false : VMs defined inline will be  global in scope if allowed.
Fri Oct 02 10:41:58 EDT 2015   [info] Velocimacro : messages on  : VM system will output logging messages
Fri Oct 02 10:41:58 EDT 2015   [info] Velocimacro : autoload off  : VM system will not automatically reload global library macros
Fri Oct 02 10:41:58 EDT 2015   [info] Velocimacro : initialization complete.
Fri Oct 02 10:41:58 EDT 2015   [info] Velocity successfully started.
